Started
[Mon Jun 22 19:24:45 CDT 2020] Starting branch indexing...
[8mha:////4NhSGnI7+jao+INsiaA6BvRhaGEryV8v/HaguSXScAyhAAAAhB+LCAAAAAAAAP9b85aBtbiIwSa/KF0vKzUvOzOvODlTryCnNB3I0kvPLMkoTYpPKkrMS86IL84vLUpO1XPPLPEoTXLOzyvOz0n1yy9JZYAARiYGRi8GzpLM3NTiksTcgooiBqmM0pTi/Dy9ZIhiPayaGCoKgHTRvQmy7ADFH6n4jgAAAA==[0mConnecting to https://api.github.com using laith-leo/****** (GitHub username and password)
Examining [8mha:////4L+8kSmLJjIIn8paji6VKexyyQYCLeOWfaUd0bSyHITwAAAAux+LCAAAAAAAAP9djrENwjAURD9BMAAlYgXHoqEApYICpIiGCZzkKzYxtmV/o7AGa0DDEIzDDhil45p7zT3d8wOT4GEhYxOsyWtrgtWY728OvVamO1rCVfF4FXf3ziA7wFSjaUmWMI5eE8zKs7gKroVp+Ym8Mu2m9zD/022H/slgyCgD6F2CJcFOErmw5rxVJGOVVpckTMw0Wl6rumFOOUx3kJEXyrBQS2yiRtbFCr1BwvAFegrAB8kAAAA=[0mlaith-leo/cicd-pipeline-train-schedule-kubernetes

  Checking branches...

  Getting remote branches...

    Checking branch [8mha:////4IoKk/BMeYJUb7ar33QbEfZI1xMFwttQSwD+8y2STbElAAAAwR+LCAAAAAAAAP9djrENwjAQRY8gGIASsYLjjgJERQNShJCYwCSn2ODY1vmMwhqsAQ1DMA47YETHb/5r/tN/vGEUCWY6NdG7svYueovl5hqQrHHnnWecr+7P1S28Cii2MLboWtYVDBNZhkl1UhclrXKtPDAZ1y57gumfbv3rrwx+GRQAfcgwZthr5hAXUraGdTrmVZeFmYVFL2tTNyKYgPkOCiZlnIi1xiZZFOd0RHLIGCUTouxUZKQPs+WY1tUAAAA=[0mmaster

  Getting remote pull requests...
      ‘Jenkinsfile’ found
    Met criteria
Scheduled build for branch: master

    Checking branch [8mha:////4DHaFHSisAVoJjl/DKUydqrHNlywqpQVLn5oLXn+34s+AAAA2h+LCAAAAAAAAP9djjFuQjEQRDc/CgdIGaWi97eiRBREVGmIhGg4APL/Xn0bzNparyO4Rq4RGg7BcbgDRnSZZmaKeZrjBZ4yw6srNkdq+0g5Bmznh4QcPG2XUXAy+zvNftO5geYbRgFpELeAx8JB4HmxMT9GB0ODXgl7Gj73DC//cF93v8HgrocGYJ9qGAsEJ5LyVOvBiytdXe0qsGYVMOre91Yln7DeQSVsPKncO7QloNqWDplQMGthRG0xIVnTRdGUdmtDdn0wTLeiJu3be/txBfDReGnxAAAA[0mdependabot/npm_and_yarn/npm-6.13.4
      ‘Jenkinsfile’ found
    Met criteria
Scheduled build for branch: dependabot/npm_and_yarn/npm-6.13.4

    Checking branch [8mha:////4JGUYZRqQSb4Vt+BU2H53us5ACpK5y+ZfX3KoxfEbEkoAAAAyB+LCAAAAAAAAP9djjEOwjAMRU0RzIgRcYU0GwOIiQUkxMLGlrZWEwhOlDioXINrwMIhOA53IIgNL3760n/24w2DGGCqUxMdlbWj6CyW66vHYA2ddo5xtrw/lzf/KqDYwNAitay30E/BMoy3R3VR0ipq5Z6DoXbRBZj86Va//ZXBb3oFQOczjBgOmtnHuZStYZ2q3DpnYWZh0cna1I3wxmN+BwUHZUjEWmOTLIpTqjAQMkbJAVFip84+5/laYuPoA4TfyXjfAAAA[0mexample-solution
      ‘Jenkinsfile’ found
    Met criteria
Scheduled build for branch: example-solution

  3 branches were processed

  Checking pull-requests...

  0 pull requests were processed

Finished examining laith-leo/cicd-pipeline-train-schedule-kubernetes

[Mon Jun 22 19:24:48 CDT 2020] Finished branch indexing. Indexing took 2.7 sec
Finished: SUCCESS
