Started at Fri Jul 03 16:30:31 CDT 2020
Processing ant-test
Offering ant-test to Project Build Discarder
Processing Build-Nginx
Offering Build-Nginx to Project Build Discarder
Processing triggers/echo1
Offering triggers/echo1 to Project Build Discarder
Processing triggers/echo2
Offering triggers/echo2 to Project Build Discarder
Processing multibranch/19
Offering multibranch/19 to Project Build Discarder
Processing multibranch/dev
Offering multibranch/dev to Project Build Discarder
Processing multibranch/master
Offering multibranch/master to Project Build Discarder
Processing multibranch/test
Offering multibranch/test to Project Build Discarder
Processing Laith's stuff/test
Offering Laith's stuff/test to Project Build Discarder
Processing Laith's stuff/test-1
Offering Laith's stuff/test-1 to Project Build Discarder
Laith's stuff/test-1 accepted by Project Build Discarder
Processing cicd k8s/dependabot%2Fnpm_and_yarn%2Fnpm-6.13.4
Offering cicd k8s/dependabot%2Fnpm_and_yarn%2Fnpm-6.13.4 to Project Build Discarder
Processing cicd k8s/example-solution
Offering cicd k8s/example-solution to Project Build Discarder
Processing cicd k8s/master
Offering cicd k8s/master to Project Build Discarder
Finished at Fri Jul 03 16:30:31 CDT 2020. 32ms
Started at Fri Jul 03 17:30:31 CDT 2020
Processing ant-test
Offering ant-test to Project Build Discarder
Processing Build-Nginx
Offering Build-Nginx to Project Build Discarder
Processing triggers/echo1
Offering triggers/echo1 to Project Build Discarder
Processing triggers/echo2
Offering triggers/echo2 to Project Build Discarder
Processing multibranch/19
Offering multibranch/19 to Project Build Discarder
Processing multibranch/dev
Offering multibranch/dev to Project Build Discarder
Processing multibranch/master
Offering multibranch/master to Project Build Discarder
Processing multibranch/test
Offering multibranch/test to Project Build Discarder
Processing Laith's stuff/test
Offering Laith's stuff/test to Project Build Discarder
Processing Laith's stuff/test-1
Offering Laith's stuff/test-1 to Project Build Discarder
Laith's stuff/test-1 accepted by Project Build Discarder
Processing cicd k8s/dependabot%2Fnpm_and_yarn%2Fnpm-6.13.4
Offering cicd k8s/dependabot%2Fnpm_and_yarn%2Fnpm-6.13.4 to Project Build Discarder
Processing cicd k8s/example-solution
Offering cicd k8s/example-solution to Project Build Discarder
Processing cicd k8s/master
Offering cicd k8s/master to Project Build Discarder
Finished at Fri Jul 03 17:30:31 CDT 2020. 2ms
Started at Fri Jul 03 18:30:31 CDT 2020
Processing ant-test
Offering ant-test to Project Build Discarder
Processing Build-Nginx
Offering Build-Nginx to Project Build Discarder
Processing triggers/echo1
Offering triggers/echo1 to Project Build Discarder
Processing triggers/echo2
Offering triggers/echo2 to Project Build Discarder
Processing multibranch/19
Offering multibranch/19 to Project Build Discarder
Processing multibranch/dev
Offering multibranch/dev to Project Build Discarder
Processing multibranch/master
Offering multibranch/master to Project Build Discarder
Processing multibranch/test
Offering multibranch/test to Project Build Discarder
Processing Laith's stuff/test
Offering Laith's stuff/test to Project Build Discarder
Processing Laith's stuff/test-1
Offering Laith's stuff/test-1 to Project Build Discarder
Laith's stuff/test-1 accepted by Project Build Discarder
Processing cicd k8s/dependabot%2Fnpm_and_yarn%2Fnpm-6.13.4
Offering cicd k8s/dependabot%2Fnpm_and_yarn%2Fnpm-6.13.4 to Project Build Discarder
Processing cicd k8s/example-solution
Offering cicd k8s/example-solution to Project Build Discarder
Processing cicd k8s/master
Offering cicd k8s/master to Project Build Discarder
Finished at Fri Jul 03 18:30:31 CDT 2020. 3ms
Started at Fri Jul 03 19:30:31 CDT 2020
Processing ant-test
Offering ant-test to Project Build Discarder
Processing Build-Nginx
Offering Build-Nginx to Project Build Discarder
Processing triggers/echo1
Offering triggers/echo1 to Project Build Discarder
Processing triggers/echo2
Offering triggers/echo2 to Project Build Discarder
Processing multibranch/19
Offering multibranch/19 to Project Build Discarder
Processing multibranch/dev
Offering multibranch/dev to Project Build Discarder
Processing multibranch/master
Offering multibranch/master to Project Build Discarder
Processing multibranch/test
Offering multibranch/test to Project Build Discarder
Processing Laith's stuff/test
Offering Laith's stuff/test to Project Build Discarder
Processing Laith's stuff/test-1
Offering Laith's stuff/test-1 to Project Build Discarder
Laith's stuff/test-1 accepted by Project Build Discarder
Processing cicd k8s/dependabot%2Fnpm_and_yarn%2Fnpm-6.13.4
Offering cicd k8s/dependabot%2Fnpm_and_yarn%2Fnpm-6.13.4 to Project Build Discarder
Processing cicd k8s/example-solution
Offering cicd k8s/example-solution to Project Build Discarder
Processing cicd k8s/master
Offering cicd k8s/master to Project Build Discarder
Finished at Fri Jul 03 19:30:31 CDT 2020. 2ms
Started at Fri Jul 03 20:30:31 CDT 2020
Processing ant-test
Offering ant-test to Project Build Discarder
Processing Build-Nginx
Offering Build-Nginx to Project Build Discarder
Processing triggers/echo1
Offering triggers/echo1 to Project Build Discarder
Processing triggers/echo2
Offering triggers/echo2 to Project Build Discarder
Processing multibranch/19
Offering multibranch/19 to Project Build Discarder
Processing multibranch/dev
Offering multibranch/dev to Project Build Discarder
Processing multibranch/master
Offering multibranch/master to Project Build Discarder
Processing multibranch/test
Offering multibranch/test to Project Build Discarder
Processing Laith's stuff/test
Offering Laith's stuff/test to Project Build Discarder
Processing Laith's stuff/test-1
Offering Laith's stuff/test-1 to Project Build Discarder
Laith's stuff/test-1 accepted by Project Build Discarder
Processing cicd k8s/dependabot%2Fnpm_and_yarn%2Fnpm-6.13.4
Offering cicd k8s/dependabot%2Fnpm_and_yarn%2Fnpm-6.13.4 to Project Build Discarder
Processing cicd k8s/example-solution
Offering cicd k8s/example-solution to Project Build Discarder
Processing cicd k8s/master
Offering cicd k8s/master to Project Build Discarder
Finished at Fri Jul 03 20:30:31 CDT 2020. 3ms
Started at Fri Jul 03 21:30:31 CDT 2020
Processing ant-test
Offering ant-test to Project Build Discarder
Processing Build-Nginx
Offering Build-Nginx to Project Build Discarder
Processing triggers/echo1
Offering triggers/echo1 to Project Build Discarder
Processing triggers/echo2
Offering triggers/echo2 to Project Build Discarder
Processing multibranch/19
Offering multibranch/19 to Project Build Discarder
Processing multibranch/dev
Offering multibranch/dev to Project Build Discarder
Processing multibranch/master
Offering multibranch/master to Project Build Discarder
Processing multibranch/test
Offering multibranch/test to Project Build Discarder
Processing Laith's stuff/test
Offering Laith's stuff/test to Project Build Discarder
Processing Laith's stuff/test-1
Offering Laith's stuff/test-1 to Project Build Discarder
Laith's stuff/test-1 accepted by Project Build Discarder
Processing cicd k8s/dependabot%2Fnpm_and_yarn%2Fnpm-6.13.4
Offering cicd k8s/dependabot%2Fnpm_and_yarn%2Fnpm-6.13.4 to Project Build Discarder
Processing cicd k8s/example-solution
Offering cicd k8s/example-solution to Project Build Discarder
Processing cicd k8s/master
Offering cicd k8s/master to Project Build Discarder
Finished at Fri Jul 03 21:30:31 CDT 2020. 3ms
Started at Fri Jul 03 22:30:31 CDT 2020
Processing ant-test
Offering ant-test to Project Build Discarder
Processing Build-Nginx
Offering Build-Nginx to Project Build Discarder
Processing triggers/echo1
Offering triggers/echo1 to Project Build Discarder
Processing triggers/echo2
Offering triggers/echo2 to Project Build Discarder
Processing multibranch/19
Offering multibranch/19 to Project Build Discarder
Processing multibranch/dev
Offering multibranch/dev to Project Build Discarder
Processing multibranch/master
Offering multibranch/master to Project Build Discarder
Processing multibranch/test
Offering multibranch/test to Project Build Discarder
Processing Laith's stuff/test
Offering Laith's stuff/test to Project Build Discarder
Processing Laith's stuff/test-1
Offering Laith's stuff/test-1 to Project Build Discarder
Laith's stuff/test-1 accepted by Project Build Discarder
Processing cicd k8s/dependabot%2Fnpm_and_yarn%2Fnpm-6.13.4
Offering cicd k8s/dependabot%2Fnpm_and_yarn%2Fnpm-6.13.4 to Project Build Discarder
Processing cicd k8s/example-solution
Offering cicd k8s/example-solution to Project Build Discarder
Processing cicd k8s/master
Offering cicd k8s/master to Project Build Discarder
Finished at Fri Jul 03 22:30:31 CDT 2020. 2ms
Started at Fri Jul 03 23:30:31 CDT 2020
Processing ant-test
Offering ant-test to Project Build Discarder
Processing Build-Nginx
Offering Build-Nginx to Project Build Discarder
Processing triggers/echo1
Offering triggers/echo1 to Project Build Discarder
Processing triggers/echo2
Offering triggers/echo2 to Project Build Discarder
Processing multibranch/19
Offering multibranch/19 to Project Build Discarder
Processing multibranch/dev
Offering multibranch/dev to Project Build Discarder
Processing multibranch/master
Offering multibranch/master to Project Build Discarder
Processing multibranch/test
Offering multibranch/test to Project Build Discarder
Processing Laith's stuff/test
Offering Laith's stuff/test to Project Build Discarder
Processing Laith's stuff/test-1
Offering Laith's stuff/test-1 to Project Build Discarder
Laith's stuff/test-1 accepted by Project Build Discarder
Processing cicd k8s/dependabot%2Fnpm_and_yarn%2Fnpm-6.13.4
Offering cicd k8s/dependabot%2Fnpm_and_yarn%2Fnpm-6.13.4 to Project Build Discarder
Processing cicd k8s/example-solution
Offering cicd k8s/example-solution to Project Build Discarder
Processing cicd k8s/master
Offering cicd k8s/master to Project Build Discarder
Finished at Fri Jul 03 23:30:31 CDT 2020. 3ms
Started at Sat Jul 04 00:30:31 CDT 2020
Processing ant-test
Offering ant-test to Project Build Discarder
Processing Build-Nginx
Offering Build-Nginx to Project Build Discarder
Processing triggers/echo1
Offering triggers/echo1 to Project Build Discarder
Processing triggers/echo2
Offering triggers/echo2 to Project Build Discarder
Processing multibranch/19
Offering multibranch/19 to Project Build Discarder
Processing multibranch/dev
Offering multibranch/dev to Project Build Discarder
Processing multibranch/master
Offering multibranch/master to Project Build Discarder
Processing multibranch/test
Offering multibranch/test to Project Build Discarder
Processing Laith's stuff/test
Offering Laith's stuff/test to Project Build Discarder
Processing Laith's stuff/test-1
Offering Laith's stuff/test-1 to Project Build Discarder
Laith's stuff/test-1 accepted by Project Build Discarder
Processing cicd k8s/dependabot%2Fnpm_and_yarn%2Fnpm-6.13.4
Offering cicd k8s/dependabot%2Fnpm_and_yarn%2Fnpm-6.13.4 to Project Build Discarder
Processing cicd k8s/example-solution
Offering cicd k8s/example-solution to Project Build Discarder
Processing cicd k8s/master
Offering cicd k8s/master to Project Build Discarder
Finished at Sat Jul 04 00:30:31 CDT 2020. 2ms
Started at Sat Jul 04 01:30:31 CDT 2020
Processing ant-test
Offering ant-test to Project Build Discarder
Processing Build-Nginx
Offering Build-Nginx to Project Build Discarder
Processing triggers/echo1
Offering triggers/echo1 to Project Build Discarder
Processing triggers/echo2
Offering triggers/echo2 to Project Build Discarder
Processing multibranch/19
Offering multibranch/19 to Project Build Discarder
Processing multibranch/dev
Offering multibranch/dev to Project Build Discarder
Processing multibranch/master
Offering multibranch/master to Project Build Discarder
Processing multibranch/test
Offering multibranch/test to Project Build Discarder
Processing Laith's stuff/test
Offering Laith's stuff/test to Project Build Discarder
Processing Laith's stuff/test-1
Offering Laith's stuff/test-1 to Project Build Discarder
Laith's stuff/test-1 accepted by Project Build Discarder
Processing cicd k8s/dependabot%2Fnpm_and_yarn%2Fnpm-6.13.4
Offering cicd k8s/dependabot%2Fnpm_and_yarn%2Fnpm-6.13.4 to Project Build Discarder
Processing cicd k8s/example-solution
Offering cicd k8s/example-solution to Project Build Discarder
Processing cicd k8s/master
Offering cicd k8s/master to Project Build Discarder
Finished at Sat Jul 04 01:30:31 CDT 2020. 2ms
Started at Sat Jul 04 02:30:31 CDT 2020
Processing ant-test
Offering ant-test to Project Build Discarder
Processing Build-Nginx
Offering Build-Nginx to Project Build Discarder
Processing triggers/echo1
Offering triggers/echo1 to Project Build Discarder
Processing triggers/echo2
Offering triggers/echo2 to Project Build Discarder
Processing multibranch/19
Offering multibranch/19 to Project Build Discarder
Processing multibranch/dev
Offering multibranch/dev to Project Build Discarder
Processing multibranch/master
Offering multibranch/master to Project Build Discarder
Processing multibranch/test
Offering multibranch/test to Project Build Discarder
Processing Laith's stuff/test
Offering Laith's stuff/test to Project Build Discarder
Processing Laith's stuff/test-1
Offering Laith's stuff/test-1 to Project Build Discarder
Laith's stuff/test-1 accepted by Project Build Discarder
Processing cicd k8s/dependabot%2Fnpm_and_yarn%2Fnpm-6.13.4
Offering cicd k8s/dependabot%2Fnpm_and_yarn%2Fnpm-6.13.4 to Project Build Discarder
Processing cicd k8s/example-solution
Offering cicd k8s/example-solution to Project Build Discarder
Processing cicd k8s/master
Offering cicd k8s/master to Project Build Discarder
Finished at Sat Jul 04 02:30:31 CDT 2020. 2ms
Started at Sat Jul 04 03:30:31 CDT 2020
Processing ant-test
Offering ant-test to Project Build Discarder
Processing Build-Nginx
Offering Build-Nginx to Project Build Discarder
Processing triggers/echo1
Offering triggers/echo1 to Project Build Discarder
Processing triggers/echo2
Offering triggers/echo2 to Project Build Discarder
Processing multibranch/19
Offering multibranch/19 to Project Build Discarder
Processing multibranch/dev
Offering multibranch/dev to Project Build Discarder
Processing multibranch/master
Offering multibranch/master to Project Build Discarder
Processing multibranch/test
Offering multibranch/test to Project Build Discarder
Processing Laith's stuff/test
Offering Laith's stuff/test to Project Build Discarder
Processing Laith's stuff/test-1
Offering Laith's stuff/test-1 to Project Build Discarder
Laith's stuff/test-1 accepted by Project Build Discarder
Processing cicd k8s/dependabot%2Fnpm_and_yarn%2Fnpm-6.13.4
Offering cicd k8s/dependabot%2Fnpm_and_yarn%2Fnpm-6.13.4 to Project Build Discarder
Processing cicd k8s/example-solution
Offering cicd k8s/example-solution to Project Build Discarder
Processing cicd k8s/master
Offering cicd k8s/master to Project Build Discarder
Finished at Sat Jul 04 03:30:31 CDT 2020. 2ms
Started at Sat Jul 04 04:30:31 CDT 2020
Processing ant-test
Offering ant-test to Project Build Discarder
Processing Build-Nginx
Offering Build-Nginx to Project Build Discarder
Processing triggers/echo1
Offering triggers/echo1 to Project Build Discarder
Processing triggers/echo2
Offering triggers/echo2 to Project Build Discarder
Processing multibranch/19
Offering multibranch/19 to Project Build Discarder
Processing multibranch/dev
Offering multibranch/dev to Project Build Discarder
Processing multibranch/master
Offering multibranch/master to Project Build Discarder
Processing multibranch/test
Offering multibranch/test to Project Build Discarder
Processing Laith's stuff/test
Offering Laith's stuff/test to Project Build Discarder
Processing Laith's stuff/test-1
Offering Laith's stuff/test-1 to Project Build Discarder
Laith's stuff/test-1 accepted by Project Build Discarder
Processing cicd k8s/dependabot%2Fnpm_and_yarn%2Fnpm-6.13.4
Offering cicd k8s/dependabot%2Fnpm_and_yarn%2Fnpm-6.13.4 to Project Build Discarder
Processing cicd k8s/example-solution
Offering cicd k8s/example-solution to Project Build Discarder
Processing cicd k8s/master
Offering cicd k8s/master to Project Build Discarder
Finished at Sat Jul 04 04:30:31 CDT 2020. 2ms
Started at Sat Jul 04 05:30:31 CDT 2020
Processing ant-test
Offering ant-test to Project Build Discarder
Processing Build-Nginx
Offering Build-Nginx to Project Build Discarder
Processing triggers/echo1
Offering triggers/echo1 to Project Build Discarder
Processing triggers/echo2
Offering triggers/echo2 to Project Build Discarder
Processing multibranch/19
Offering multibranch/19 to Project Build Discarder
Processing multibranch/dev
Offering multibranch/dev to Project Build Discarder
Processing multibranch/master
Offering multibranch/master to Project Build Discarder
Processing multibranch/test
Offering multibranch/test to Project Build Discarder
Processing Laith's stuff/test
Offering Laith's stuff/test to Project Build Discarder
Processing Laith's stuff/test-1
Offering Laith's stuff/test-1 to Project Build Discarder
Laith's stuff/test-1 accepted by Project Build Discarder
Processing cicd k8s/dependabot%2Fnpm_and_yarn%2Fnpm-6.13.4
Offering cicd k8s/dependabot%2Fnpm_and_yarn%2Fnpm-6.13.4 to Project Build Discarder
Processing cicd k8s/example-solution
Offering cicd k8s/example-solution to Project Build Discarder
Processing cicd k8s/master
Offering cicd k8s/master to Project Build Discarder
Finished at Sat Jul 04 05:30:31 CDT 2020. 2ms
Started at Sat Jul 04 06:30:31 CDT 2020
Processing ant-test
Offering ant-test to Project Build Discarder
Processing Build-Nginx
Offering Build-Nginx to Project Build Discarder
Processing triggers/echo1
Offering triggers/echo1 to Project Build Discarder
Processing triggers/echo2
Offering triggers/echo2 to Project Build Discarder
Processing multibranch/19
Offering multibranch/19 to Project Build Discarder
Processing multibranch/dev
Offering multibranch/dev to Project Build Discarder
Processing multibranch/master
Offering multibranch/master to Project Build Discarder
Processing multibranch/test
Offering multibranch/test to Project Build Discarder
Processing Laith's stuff/test
Offering Laith's stuff/test to Project Build Discarder
Processing Laith's stuff/test-1
Offering Laith's stuff/test-1 to Project Build Discarder
Laith's stuff/test-1 accepted by Project Build Discarder
Processing cicd k8s/dependabot%2Fnpm_and_yarn%2Fnpm-6.13.4
Offering cicd k8s/dependabot%2Fnpm_and_yarn%2Fnpm-6.13.4 to Project Build Discarder
Processing cicd k8s/example-solution
Offering cicd k8s/example-solution to Project Build Discarder
Processing cicd k8s/master
Offering cicd k8s/master to Project Build Discarder
Finished at Sat Jul 04 06:30:31 CDT 2020. 2ms
Started at Sat Jul 04 07:30:31 CDT 2020
Processing ant-test
Offering ant-test to Project Build Discarder
Processing Build-Nginx
Offering Build-Nginx to Project Build Discarder
Processing triggers/echo1
Offering triggers/echo1 to Project Build Discarder
Processing triggers/echo2
Offering triggers/echo2 to Project Build Discarder
Processing multibranch/19
Offering multibranch/19 to Project Build Discarder
Processing multibranch/dev
Offering multibranch/dev to Project Build Discarder
Processing multibranch/master
Offering multibranch/master to Project Build Discarder
Processing multibranch/test
Offering multibranch/test to Project Build Discarder
Processing Laith's stuff/test
Offering Laith's stuff/test to Project Build Discarder
Processing Laith's stuff/test-1
Offering Laith's stuff/test-1 to Project Build Discarder
Laith's stuff/test-1 accepted by Project Build Discarder
Processing cicd k8s/dependabot%2Fnpm_and_yarn%2Fnpm-6.13.4
Offering cicd k8s/dependabot%2Fnpm_and_yarn%2Fnpm-6.13.4 to Project Build Discarder
Processing cicd k8s/example-solution
Offering cicd k8s/example-solution to Project Build Discarder
Processing cicd k8s/master
Offering cicd k8s/master to Project Build Discarder
Finished at Sat Jul 04 07:30:31 CDT 2020. 2ms
Started at Sat Jul 04 08:30:31 CDT 2020
Processing ant-test
Offering ant-test to Project Build Discarder
Processing Build-Nginx
Offering Build-Nginx to Project Build Discarder
Processing triggers/echo1
Offering triggers/echo1 to Project Build Discarder
Processing triggers/echo2
Offering triggers/echo2 to Project Build Discarder
Processing multibranch/19
Offering multibranch/19 to Project Build Discarder
Processing multibranch/dev
Offering multibranch/dev to Project Build Discarder
Processing multibranch/master
Offering multibranch/master to Project Build Discarder
Processing multibranch/test
Offering multibranch/test to Project Build Discarder
Processing Laith's stuff/test
Offering Laith's stuff/test to Project Build Discarder
Processing Laith's stuff/test-1
Offering Laith's stuff/test-1 to Project Build Discarder
Laith's stuff/test-1 accepted by Project Build Discarder
Processing cicd k8s/dependabot%2Fnpm_and_yarn%2Fnpm-6.13.4
Offering cicd k8s/dependabot%2Fnpm_and_yarn%2Fnpm-6.13.4 to Project Build Discarder
Processing cicd k8s/example-solution
Offering cicd k8s/example-solution to Project Build Discarder
Processing cicd k8s/master
Offering cicd k8s/master to Project Build Discarder
Finished at Sat Jul 04 08:30:31 CDT 2020. 2ms
Started at Sat Jul 04 09:30:31 CDT 2020
Processing ant-test
Offering ant-test to Project Build Discarder
Processing Build-Nginx
Offering Build-Nginx to Project Build Discarder
Processing triggers/echo1
Offering triggers/echo1 to Project Build Discarder
Processing triggers/echo2
Offering triggers/echo2 to Project Build Discarder
Processing multibranch/19
Offering multibranch/19 to Project Build Discarder
Processing multibranch/dev
Offering multibranch/dev to Project Build Discarder
Processing multibranch/master
Offering multibranch/master to Project Build Discarder
Processing multibranch/test
Offering multibranch/test to Project Build Discarder
Processing Laith's stuff/test
Offering Laith's stuff/test to Project Build Discarder
Processing Laith's stuff/test-1
Offering Laith's stuff/test-1 to Project Build Discarder
Laith's stuff/test-1 accepted by Project Build Discarder
Processing cicd k8s/dependabot%2Fnpm_and_yarn%2Fnpm-6.13.4
Offering cicd k8s/dependabot%2Fnpm_and_yarn%2Fnpm-6.13.4 to Project Build Discarder
Processing cicd k8s/example-solution
Offering cicd k8s/example-solution to Project Build Discarder
Processing cicd k8s/master
Offering cicd k8s/master to Project Build Discarder
Finished at Sat Jul 04 09:30:31 CDT 2020. 2ms
Started at Sat Jul 04 10:30:31 CDT 2020
Processing ant-test
Offering ant-test to Project Build Discarder
Processing Build-Nginx
Offering Build-Nginx to Project Build Discarder
Processing triggers/echo1
Offering triggers/echo1 to Project Build Discarder
Processing triggers/echo2
Offering triggers/echo2 to Project Build Discarder
Processing multibranch/19
Offering multibranch/19 to Project Build Discarder
Processing multibranch/dev
Offering multibranch/dev to Project Build Discarder
Processing multibranch/master
Offering multibranch/master to Project Build Discarder
Processing multibranch/test
Offering multibranch/test to Project Build Discarder
Processing Laith's stuff/test
Offering Laith's stuff/test to Project Build Discarder
Processing Laith's stuff/test-1
Offering Laith's stuff/test-1 to Project Build Discarder
Laith's stuff/test-1 accepted by Project Build Discarder
Processing cicd k8s/dependabot%2Fnpm_and_yarn%2Fnpm-6.13.4
Offering cicd k8s/dependabot%2Fnpm_and_yarn%2Fnpm-6.13.4 to Project Build Discarder
Processing cicd k8s/example-solution
Offering cicd k8s/example-solution to Project Build Discarder
Processing cicd k8s/master
Offering cicd k8s/master to Project Build Discarder
Finished at Sat Jul 04 10:30:31 CDT 2020. 1ms
Started at Sat Jul 04 11:30:31 CDT 2020
Processing ant-test
Offering ant-test to Project Build Discarder
Processing Build-Nginx
Offering Build-Nginx to Project Build Discarder
Processing triggers/echo1
Offering triggers/echo1 to Project Build Discarder
Processing triggers/echo2
Offering triggers/echo2 to Project Build Discarder
Processing multibranch/19
Offering multibranch/19 to Project Build Discarder
Processing multibranch/dev
Offering multibranch/dev to Project Build Discarder
Processing multibranch/master
Offering multibranch/master to Project Build Discarder
Processing multibranch/test
Offering multibranch/test to Project Build Discarder
Processing Laith's stuff/test
Offering Laith's stuff/test to Project Build Discarder
Processing Laith's stuff/test-1
Offering Laith's stuff/test-1 to Project Build Discarder
Laith's stuff/test-1 accepted by Project Build Discarder
Processing cicd k8s/dependabot%2Fnpm_and_yarn%2Fnpm-6.13.4
Offering cicd k8s/dependabot%2Fnpm_and_yarn%2Fnpm-6.13.4 to Project Build Discarder
Processing cicd k8s/example-solution
Offering cicd k8s/example-solution to Project Build Discarder
Processing cicd k8s/master
Offering cicd k8s/master to Project Build Discarder
Finished at Sat Jul 04 11:30:31 CDT 2020. 1ms
Started at Sat Jul 04 12:30:31 CDT 2020
Processing ant-test
Offering ant-test to Project Build Discarder
Processing Build-Nginx
Offering Build-Nginx to Project Build Discarder
Processing triggers/echo1
Offering triggers/echo1 to Project Build Discarder
Processing triggers/echo2
Offering triggers/echo2 to Project Build Discarder
Processing multibranch/19
Offering multibranch/19 to Project Build Discarder
Processing multibranch/dev
Offering multibranch/dev to Project Build Discarder
Processing multibranch/master
Offering multibranch/master to Project Build Discarder
Processing multibranch/test
Offering multibranch/test to Project Build Discarder
Processing Laith's stuff/test
Offering Laith's stuff/test to Project Build Discarder
Processing Laith's stuff/test-1
Offering Laith's stuff/test-1 to Project Build Discarder
Laith's stuff/test-1 accepted by Project Build Discarder
Processing cicd k8s/dependabot%2Fnpm_and_yarn%2Fnpm-6.13.4
Offering cicd k8s/dependabot%2Fnpm_and_yarn%2Fnpm-6.13.4 to Project Build Discarder
Processing cicd k8s/example-solution
Offering cicd k8s/example-solution to Project Build Discarder
Processing cicd k8s/master
Offering cicd k8s/master to Project Build Discarder
Finished at Sat Jul 04 12:30:31 CDT 2020. 2ms
