Started at Thu Jul 02 10:05:03 CDT 2020
Checking ant-test
Checking Build-Nginx
Checking cicd k8s
Checking trigger » echo1
Checking trigger » echo2
Checking Laith's stuff » test
Checking Laith's stuff » test-1
Checking cicd k8s » dependabot/npm_and_yarn/npm-6.13.4
Checking cicd k8s » example-solution
Checking cicd k8s » master
Finished at Thu Jul 02 10:05:03 CDT 2020. 27ms
Started at Fri Jul 03 10:05:03 CDT 2020
Checking ant-test
Checking Build-Nginx
Checking cicd k8s
Checking trigger » echo1
Checking trigger » echo2
Checking Laith's stuff » test
Checking Laith's stuff » test-1
Checking cicd k8s » dependabot/npm_and_yarn/npm-6.13.4
Checking cicd k8s » example-solution
Checking cicd k8s » master
Finished at Fri Jul 03 10:05:03 CDT 2020. 92ms
